C:\USERS\MARIANALEXANDRU\DOCUMENTS\VISUAL STUDIO 2012\PROJECTS\GEOMETRY DASH\LAB2\DEBUG\DRAWINGWINDOW.OBJ
C:\USERS\MARIANALEXANDRU\DOCUMENTS\VISUAL STUDIO 2012\PROJECTS\GEOMETRY DASH\LAB2\DEBUG\TRANSFORM2D.OBJ
C:\USERS\MARIANALEXANDRU\DOCUMENTS\VISUAL STUDIO 2012\PROJECTS\GEOMETRY DASH\LAB2\DEBUG\VISUAL2D.OBJ
C:\USERS\MARIANALEXANDRU\DOCUMENTS\VISUAL STUDIO 2012\PROJECTS\GEOMETRY DASH\LAB2\DEBUG\MAIN.OBJ
C:\USERS\MARIANALEXANDRU\DOCUMENTS\VISUAL STUDIO 2012\PROJECTS\GEOMETRY DASH\LAB2\DEBUG\PLAYER.OBJ
C:\USERS\MARIANALEXANDRU\DOCUMENTS\VISUAL STUDIO 2012\PROJECTS\GEOMETRY DASH\LAB2\DEBUG\VC110.PDB
C:\USERS\MARIANALEXANDRU\DOCUMENTS\VISUAL STUDIO 2012\PROJECTS\GEOMETRY DASH\DEBUG\GEOMETRY DASH.ILK
C:\USERS\MARIANALEXANDRU\DOCUMENTS\VISUAL STUDIO 2012\PROJECTS\GEOMETRY DASH\DEBUG\GEOMETRY DASH.EXE
C:\USERS\MARIANALEXANDRU\DOCUMENTS\VISUAL STUDIO 2012\PROJECTS\GEOMETRY DASH\DEBUG\GEOMETRY DASH.PDB
C:\Users\MarianAlexandru\documents\visual studio 2012\Projects\Geometry Dash\lab2\Debug\DrawingWindow.obj
C:\Users\MarianAlexandru\documents\visual studio 2012\Projects\Geometry Dash\lab2\Debug\main.obj
C:\Users\MarianAlexandru\documents\visual studio 2012\Projects\Geometry Dash\lab2\Debug\Player.obj
C:\Users\MarianAlexandru\documents\visual studio 2012\Projects\Geometry Dash\lab2\Debug\Transform2D.obj
C:\Users\MarianAlexandru\documents\visual studio 2012\Projects\Geometry Dash\lab2\Debug\Visual2D.obj
C:\Users\MarianAlexandru\documents\visual studio 2012\Projects\Geometry Dash\lab2\Debug\cl.command.1.tlog
C:\Users\MarianAlexandru\documents\visual studio 2012\Projects\Geometry Dash\lab2\Debug\CL.read.1.tlog
C:\Users\MarianAlexandru\documents\visual studio 2012\Projects\Geometry Dash\lab2\Debug\CL.write.1.tlog
C:\Users\MarianAlexandru\documents\visual studio 2012\Projects\Geometry Dash\lab2\Debug\link-cvtres.read.1.tlog
C:\Users\MarianAlexandru\documents\visual studio 2012\Projects\Geometry Dash\lab2\Debug\link-cvtres.write.1.tlog
C:\Users\MarianAlexandru\documents\visual studio 2012\Projects\Geometry Dash\lab2\Debug\link-rc.read.1.tlog
C:\Users\MarianAlexandru\documents\visual studio 2012\Projects\Geometry Dash\lab2\Debug\link-rc.write.1.tlog
C:\Users\MarianAlexandru\documents\visual studio 2012\Projects\Geometry Dash\lab2\Debug\link.command.1.tlog
C:\Users\MarianAlexandru\documents\visual studio 2012\Projects\Geometry Dash\lab2\Debug\link.read.1.tlog
C:\Users\MarianAlexandru\documents\visual studio 2012\Projects\Geometry Dash\lab2\Debug\link.write.1.tlog
C:\Users\MarianAlexandru\documents\visual studio 2012\Projects\Geometry Dash\lab2\Debug\vc110.idb
C:\Users\MarianAlexandru\documents\visual studio 2012\Projects\Geometry Dash\lab2\Debug\vc110.pdb
C:\Users\MarianAlexandru\documents\visual studio 2012\Projects\Geometry Dash\Debug\Geometry Dash.pdb
C:\Users\MarianAlexandru\documents\visual studio 2012\Projects\Geometry Dash\Debug\Geometry Dash.exe
C:\Users\MarianAlexandru\documents\visual studio 2012\Projects\Geometry Dash\Debug\Geometry Dash.ilk
