Build started 05.11.2014 23:45:47.
     1>Project "C:\Users\MarianAlexandru\Documents\Visual Studio 2012\Projects\Geometry Dash\lab2\lab2.vcxproj" on node 2 (Build target(s)).
     1>ClCompile:
         C:\Program Files (x86)\Microsoft Visual Studio 11.0\VC\bin\CL.exe /c /Idependente /ZI /nologo /W3 /WX- /Od /Oy- /D _MBCS /Gm /EHsc /RTC1 /MDd /GS /fp:precise /Zc:wchar_t /Zc:forScope /Fo"Debug\\" /Fd"Debug\vc110.pdb" /Gd /TP /analyze- /errorReport:prompt main.cpp
         main.cpp
     1>c:\users\marianalexandru\documents\visual studio 2012\projects\geometry dash\lab2\main.cpp(49): warning C4244: 'argument' : conversion from 'double' to 'float', possible loss of data
     1>c:\users\marianalexandru\documents\visual studio 2012\projects\geometry dash\lab2\main.cpp(55): warning C4244: 'argument' : conversion from 'double' to 'float', possible loss of data
     1>c:\users\marianalexandru\documents\visual studio 2012\projects\geometry dash\lab2\main.cpp(61): warning C4244: 'argument' : conversion from 'double' to 'float', possible loss of data
     1>c:\users\marianalexandru\documents\visual studio 2012\projects\geometry dash\lab2\main.cpp(67): warning C4244: 'argument' : conversion from 'double' to 'float', possible loss of data
     1>c:\users\marianalexandru\documents\visual studio 2012\projects\geometry dash\lab2\main.cpp(69): warning C4244: 'argument' : conversion from 'double' to 'float', possible loss of data
     1>c:\users\marianalexandru\documents\visual studio 2012\projects\geometry dash\lab2\main.cpp(79): warning C4244: 'argument' : conversion from 'double' to 'float', possible loss of data
     1>c:\users\marianalexandru\documents\visual studio 2012\projects\geometry dash\lab2\main.cpp(80): warning C4244: 'argument' : conversion from 'double' to 'float', possible loss of data
     1>c:\users\marianalexandru\documents\visual studio 2012\projects\geometry dash\lab2\main.cpp(88): warning C4244: 'argument' : conversion from 'double' to 'float', possible loss of data
     1>c:\users\marianalexandru\documents\visual studio 2012\projects\geometry dash\lab2\main.cpp(89): warning C4244: 'argument' : conversion from 'double' to 'float', possible loss of data
     1>c:\users\marianalexandru\documents\visual studio 2012\projects\geometry dash\lab2\main.cpp(97): warning C4244: 'argument' : conversion from 'double' to 'float', possible loss of data
     1>c:\users\marianalexandru\documents\visual studio 2012\projects\geometry dash\lab2\main.cpp(98): warning C4244: 'argument' : conversion from 'double' to 'float', possible loss of data
     1>c:\users\marianalexandru\documents\visual studio 2012\projects\geometry dash\lab2\main.cpp(106): warning C4244: 'argument' : conversion from 'double' to 'float', possible loss of data
     1>c:\users\marianalexandru\documents\visual studio 2012\projects\geometry dash\lab2\main.cpp(107): warning C4244: 'argument' : conversion from 'double' to 'float', possible loss of data
     1>c:\users\marianalexandru\documents\visual studio 2012\projects\geometry dash\lab2\main.cpp(115): warning C4244: 'argument' : conversion from 'double' to 'float', possible loss of data
     1>c:\users\marianalexandru\documents\visual studio 2012\projects\geometry dash\lab2\main.cpp(116): warning C4244: 'argument' : conversion from 'double' to 'float', possible loss of data
     1>c:\users\marianalexandru\documents\visual studio 2012\projects\geometry dash\lab2\main.cpp(124): warning C4244: 'argument' : conversion from 'double' to 'float', possible loss of data
     1>c:\users\marianalexandru\documents\visual studio 2012\projects\geometry dash\lab2\main.cpp(125): warning C4244: 'argument' : conversion from 'double' to 'float', possible loss of data
     1>c:\users\marianalexandru\documents\visual studio 2012\projects\geometry dash\lab2\main.cpp(147): warning C4244: 'argument' : conversion from 'float' to 'int', possible loss of data
     1>c:\users\marianalexandru\documents\visual studio 2012\projects\geometry dash\lab2\main.cpp(147): warning C4244: 'argument' : conversion from 'double' to 'int', possible loss of data
     1>c:\users\marianalexandru\documents\visual studio 2012\projects\geometry dash\lab2\main.cpp(152): warning C4244: 'argument' : conversion from 'double' to 'float', possible loss of data
       Link:
         C:\Program Files (x86)\Microsoft Visual Studio 11.0\VC\bin\link.exe /ERRORREPORT:PROMPT /OUT:"C:\Users\MarianAlexandru\Documents\Visual Studio 2012\Projects\Geometry Dash\Debug\Geometry Dash.exe" /INCREMENTAL /NOLOGO /LIBPATH:dependente freeglut.lib kernel32.lib user32.lib gdi32.lib winspool.lib comdlg32.lib advapi32.lib shell32.lib ole32.lib oleaut32.lib uuid.lib odbc32.lib odbccp32.lib /MANIFEST /MANIFESTUAC:"level='asInvoker' uiAccess='false'" /manifest:embed /DEBUG /PDB:"C:\Users\MarianAlexandru\Documents\Visual Studio 2012\Projects\Geometry Dash\Debug\Geometry Dash.pdb" /TLBID:1 /DYNAMICBASE /NXCOMPAT /IMPLIB:"C:\Users\MarianAlexandru\Documents\Visual Studio 2012\Projects\Geometry Dash\Debug\Geometry Dash.lib" /MACHINE:X86 Debug\DrawingWindow.obj
         Debug\Transform2D.obj
         Debug\Visual2D.obj
         Debug\main.obj
         Debug\Player.obj
         lab2.vcxproj -> C:\Users\MarianAlexandru\Documents\Visual Studio 2012\Projects\Geometry Dash\Debug\Geometry Dash.exe
     1>Done Building Project "C:\Users\MarianAlexandru\Documents\Visual Studio 2012\Projects\Geometry Dash\lab2\lab2.vcxproj" (Build target(s)).

Build succeeded.

Time Elapsed 00:00:02.50
