D:\WORK\FACULTATE\2014-2015\EGC\LAB2\LAB2_EX1_V2\LAB2\DEBUG\DRAWINGWINDOW.OBJ
D:\WORK\FACULTATE\2014-2015\EGC\LAB2\LAB2_EX1_V2\LAB2\DEBUG\TRANSFORM2D.OBJ
D:\WORK\FACULTATE\2014-2015\EGC\LAB2\LAB2_EX1_V2\LAB2\DEBUG\VISUAL2D.OBJ
D:\WORK\FACULTATE\2014-2015\EGC\LAB2\LAB2_EX1_V2\LAB2\DEBUG\MAIN.OBJ
D:\WORK\FACULTATE\2014-2015\EGC\LAB2\LAB2_EX1_V2\LAB2\DEBUG\VC110.PDB
D:\WORK\FACULTATE\2014-2015\EGC\LAB2\LAB2_EX1_V2\DEBUG\LAB2.ILK
D:\WORK\FACULTATE\2014-2015\EGC\LAB2\LAB2_EX1_V2\DEBUG\LAB2.EXE
D:\WORK\FACULTATE\2014-2015\EGC\LAB2\LAB2_EX1_V2\DEBUG\LAB2.PDB
D:\work\facultate\2014-2015\EGC\lab2\lab2_ex1_v2\lab2\Debug\DrawingWindow.obj
D:\work\facultate\2014-2015\EGC\lab2\lab2_ex1_v2\lab2\Debug\main.obj
D:\work\facultate\2014-2015\EGC\lab2\lab2_ex1_v2\lab2\Debug\Transform2D.obj
D:\work\facultate\2014-2015\EGC\lab2\lab2_ex1_v2\lab2\Debug\Visual2D.obj
D:\work\facultate\2014-2015\EGC\lab2\lab2_ex1_v2\lab2\Debug\cl.command.1.tlog
D:\work\facultate\2014-2015\EGC\lab2\lab2_ex1_v2\lab2\Debug\CL.read.1.tlog
D:\work\facultate\2014-2015\EGC\lab2\lab2_ex1_v2\lab2\Debug\CL.write.1.tlog
D:\work\facultate\2014-2015\EGC\lab2\lab2_ex1_v2\lab2\Debug\link-cvtres.read.1.tlog
D:\work\facultate\2014-2015\EGC\lab2\lab2_ex1_v2\lab2\Debug\link-cvtres.write.1.tlog
D:\work\facultate\2014-2015\EGC\lab2\lab2_ex1_v2\lab2\Debug\link-rc.read.1.tlog
D:\work\facultate\2014-2015\EGC\lab2\lab2_ex1_v2\lab2\Debug\link-rc.write.1.tlog
D:\work\facultate\2014-2015\EGC\lab2\lab2_ex1_v2\lab2\Debug\link.command.1.tlog
D:\work\facultate\2014-2015\EGC\lab2\lab2_ex1_v2\lab2\Debug\link.read.1.tlog
D:\work\facultate\2014-2015\EGC\lab2\lab2_ex1_v2\lab2\Debug\link.write.1.tlog
D:\work\facultate\2014-2015\EGC\lab2\lab2_ex1_v2\lab2\Debug\vc110.idb
D:\work\facultate\2014-2015\EGC\lab2\lab2_ex1_v2\lab2\Debug\vc110.pdb
D:\work\facultate\2014-2015\EGC\lab2\lab2_ex1_v2\Debug\lab2.pdb
D:\work\facultate\2014-2015\EGC\lab2\lab2_ex1_v2\Debug\lab2.exe
D:\work\facultate\2014-2015\EGC\lab2\lab2_ex1_v2\Debug\lab2.ilk
